<?xml version="1.0" encoding="UTF-8"?>
<!-- Generated by org.testng.reporters.JUnitXMLReporter -->
<testsuite ignored="0" hostname="DESKTOP-BL08O2D" failures="0" tests="4" name="Surefire test" time="0.1" errors="0" timestamp="2024-11-08T12:28:46 IST">
  <testcase classname="contactTest.CreateContactTest" name="createCntactTest" time="0.01"/>
  <testcase classname="contactTest.CreateContactTest" name="createWithContactNo" time="0.001"/>
  <testcase classname="orgTest.CreateOrgTest" name="creaOrgTest" time="0.001"/>
  <testcase classname="orgTest.CreateOrgTest" name="createWithOrgNo" time="0.001"/>
</testsuite> <!-- Surefire test -->
