<?xml version="1.0" encoding="UTF-8"?>
<testng-results ignored="0" total="2" passed="2" failed="0" skipped="0">
  <reporter-output>
  </reporter-output>
  <suite started-at="2024-11-08T13:03:23 IST" name="Suite" finished-at="2024-11-08T13:03:23 IST" duration-ms="111">
    <groups>
    </groups>
    <test started-at="2024-11-08T13:03:23 IST" name="Test" finished-at="2024-11-08T13:03:23 IST" duration-ms="111">
      <class name="orgTest.CreateOrgTest">
        <test-method signature="creaOrgTest()[pri:0, instance:orgTest.CreateOrgTest@c267ef4]" started-at="2024-11-08T13:03:23 IST" name="creaOrgTest" finished-at="2024-11-08T13:03:23 IST" duration-ms="21" status="PASS">
          <reporter-output>
          </reporter-output>
        </test-method> <!-- creaOrgTest -->
        <test-method signature="createWithOrgNo()[pri:0, instance:orgTest.CreateOrgTest@c267ef4]" started-at="2024-11-08T13:03:23 IST" name="createWithOrgNo" finished-at="2024-11-08T13:03:23 IST" duration-ms="1" status="PASS">
          <reporter-output>
          </reporter-output>
        </test-method> <!-- createWithOrgNo -->
      </class> <!-- orgTest.CreateOrgTest -->
    </test> <!-- Test -->
  </suite> <!-- Suite -->
</testng-results>
