<?xml version="1.0" encoding="UTF-8"?>
<testng-results ignored="0" total="2" passed="2" failed="0" skipped="0">
  <reporter-output>
  </reporter-output>
  <suite started-at="2024-11-08T12:16:59 IST" name="Default suite" finished-at="2024-11-08T12:16:59 IST" duration-ms="134">
    <groups>
    </groups>
    <test started-at="2024-11-08T12:16:59 IST" name="Default test" finished-at="2024-11-08T12:16:59 IST" duration-ms="134">
      <class name="orgTest.CreateOrgTest">
        <test-method signature="creaOrgTest()[pri:0, instance:orgTest.CreateOrgTest@428640fa]" started-at="2024-11-08T12:16:59 IST" name="creaOrgTest" finished-at="2024-11-08T12:16:59 IST" duration-ms="20" status="PASS">
          <reporter-output>
          </reporter-output>
        </test-method> <!-- creaOrgTest -->
        <test-method signature="createWithOrgNo()[pri:0, instance:orgTest.CreateOrgTest@428640fa]" started-at="2024-11-08T12:16:59 IST" name="createWithOrgNo" finished-at="2024-11-08T12:16:59 IST" duration-ms="7" status="PASS">
          <reporter-output>
          </reporter-output>
        </test-method> <!-- createWithOrgNo -->
      </class> <!-- orgTest.CreateOrgTest -->
    </test> <!-- Default test -->
  </suite> <!-- Default suite -->
</testng-results>
